2024-11-12 15:15:54.499 | INFO     | __main__:__init__:123 - Box length: 8.2207069144349
2024-11-12 15:15:54.499 | INFO     | __main__:run_simulation:203 - Running simulation...
2024-11-12 15:16:13.473 | INFO     | __main__:__init__:123 - Box length: 8.2207069144349
2024-11-12 15:16:13.473 | INFO     | __main__:run_simulation:204 - Running simulation...
2024-11-12 15:16:15.123 | INFO     | __main__:run_simulation:216 - Step: 0 | energy:  9.67e+17 | pressure:  6.96e+15
2024-11-12 15:16:16.481 | INFO     | __main__:run_simulation:216 - Step: 50 | energy:  9.59e+17 | pressure:  6.91e+15
2024-11-12 15:16:17.970 | INFO     | __main__:run_simulation:216 - Step: 100 | energy:  9.50e+17 | pressure:  6.84e+15
2024-11-12 15:16:19.638 | INFO     | __main__:run_simulation:216 - Step: 150 | energy:  9.27e+17 | pressure:  6.68e+15
2024-11-12 15:16:21.237 | INFO     | __main__:run_simulation:216 - Step: 200 | energy:  9.09e+17 | pressure:  6.55e+15
2024-11-12 15:16:22.886 | INFO     | __main__:run_simulation:216 - Step: 250 | energy:  9.03e+17 | pressure:  6.50e+15
2024-11-12 15:16:24.392 | INFO     | __main__:run_simulation:216 - Step: 300 | energy:  8.96e+17 | pressure:  6.45e+15
2024-11-12 15:16:25.815 | INFO     | __main__:run_simulation:216 - Step: 350 | energy:  8.85e+17 | pressure:  6.37e+15
2024-11-12 15:16:27.171 | INFO     | __main__:run_simulation:216 - Step: 400 | energy:  8.59e+17 | pressure:  6.18e+15
2024-11-12 15:16:28.576 | INFO     | __main__:run_simulation:216 - Step: 450 | energy:  8.54e+17 | pressure:  6.15e+15
2024-11-12 15:16:29.967 | INFO     | __main__:run_simulation:216 - Step: 500 | energy:  8.49e+17 | pressure:  6.11e+15
2024-11-12 15:16:31.341 | INFO     | __main__:run_simulation:216 - Step: 550 | energy:  8.44e+17 | pressure:  6.07e+15
2024-11-12 15:16:32.623 | INFO     | __main__:run_simulation:216 - Step: 600 | energy:  8.15e+17 | pressure:  5.87e+15
2024-11-12 15:16:34.070 | INFO     | __main__:run_simulation:216 - Step: 650 | energy:  8.10e+17 | pressure:  5.84e+15
2024-11-12 15:16:35.564 | INFO     | __main__:run_simulation:216 - Step: 700 | energy:  7.95e+17 | pressure:  5.73e+15
2024-11-12 15:16:36.945 | INFO     | __main__:run_simulation:216 - Step: 750 | energy:  7.95e+17 | pressure:  5.73e+15
2024-11-12 15:16:38.262 | INFO     | __main__:run_simulation:216 - Step: 800 | energy:  7.84e+17 | pressure:  5.65e+15
2024-11-12 15:16:39.623 | INFO     | __main__:run_simulation:216 - Step: 850 | energy:  7.66e+17 | pressure:  5.51e+15
2024-11-12 15:16:41.123 | INFO     | __main__:run_simulation:216 - Step: 900 | energy:  7.53e+17 | pressure:  5.42e+15
2024-11-12 15:16:42.380 | INFO     | __main__:run_simulation:216 - Step: 950 | energy:  7.45e+17 | pressure:  5.37e+15
2024-11-12 15:16:43.770 | INFO     | __main__:run_simulation:216 - Step: 1000 | energy:  7.40e+17 | pressure:  5.33e+15
2024-11-12 15:16:45.286 | INFO     | __main__:run_simulation:216 - Step: 1050 | energy:  7.24e+17 | pressure:  5.21e+15
2024-11-12 15:16:46.832 | INFO     | __main__:run_simulation:216 - Step: 1100 | energy:  7.13e+17 | pressure:  5.13e+15
2024-11-12 15:16:48.383 | INFO     | __main__:run_simulation:216 - Step: 1150 | energy:  7.12e+17 | pressure:  5.12e+15
2024-11-12 15:16:49.920 | INFO     | __main__:run_simulation:216 - Step: 1200 | energy:  6.96e+17 | pressure:  5.01e+15
2024-11-12 15:16:51.352 | INFO     | __main__:run_simulation:216 - Step: 1250 | energy:  6.94e+17 | pressure:  5.00e+15
2024-11-12 15:16:52.672 | INFO     | __main__:run_simulation:216 - Step: 1300 | energy:  6.90e+17 | pressure:  4.96e+15
2024-11-12 15:16:54.262 | INFO     | __main__:run_simulation:216 - Step: 1350 | energy:  6.84e+17 | pressure:  4.92e+15
2024-11-12 15:16:55.936 | INFO     | __main__:run_simulation:216 - Step: 1400 | energy:  6.81e+17 | pressure:  4.91e+15
2024-11-12 15:16:57.598 | INFO     | __main__:run_simulation:216 - Step: 1450 | energy:  6.73e+17 | pressure:  4.84e+15
2024-11-12 15:16:59.179 | INFO     | __main__:run_simulation:216 - Step: 1500 | energy:  6.65e+17 | pressure:  4.79e+15
2024-11-12 15:17:00.845 | INFO     | __main__:run_simulation:216 - Step: 1550 | energy:  6.49e+17 | pressure:  4.67e+15
2024-11-12 15:17:02.384 | INFO     | __main__:run_simulation:216 - Step: 1600 | energy:  6.47e+17 | pressure:  4.66e+15
2024-11-12 15:17:03.845 | INFO     | __main__:run_simulation:216 - Step: 1650 | energy:  6.40e+17 | pressure:  4.61e+15
2024-11-12 15:17:05.138 | INFO     | __main__:run_simulation:216 - Step: 1700 | energy:  6.24e+17 | pressure:  4.49e+15
2024-11-12 15:17:06.559 | INFO     | __main__:run_simulation:216 - Step: 1750 | energy:  6.18e+17 | pressure:  4.45e+15
2024-11-12 15:17:08.009 | INFO     | __main__:run_simulation:216 - Step: 1800 | energy:  6.10e+17 | pressure:  4.40e+15
2024-11-12 15:17:09.460 | INFO     | __main__:run_simulation:216 - Step: 1850 | energy:  6.04e+17 | pressure:  4.35e+15
2024-11-12 15:17:11.057 | INFO     | __main__:run_simulation:216 - Step: 1900 | energy:  5.93e+17 | pressure:  4.27e+15
2024-11-12 15:17:12.596 | INFO     | __main__:run_simulation:216 - Step: 1950 | energy:  5.91e+17 | pressure:  4.26e+15
2024-11-12 15:17:14.079 | INFO     | __main__:run_simulation:216 - Step: 2000 | energy:  5.88e+17 | pressure:  4.23e+15
2024-11-12 15:17:15.576 | INFO     | __main__:run_simulation:216 - Step: 2050 | energy:  5.84e+17 | pressure:  4.20e+15
2024-11-12 15:17:17.190 | INFO     | __main__:run_simulation:216 - Step: 2100 | energy:  5.78e+17 | pressure:  4.16e+15
2024-11-12 15:17:18.789 | INFO     | __main__:run_simulation:216 - Step: 2150 | energy:  5.72e+17 | pressure:  4.12e+15
2024-11-12 15:17:20.066 | INFO     | __main__:run_simulation:216 - Step: 2200 | energy:  5.63e+17 | pressure:  4.06e+15
2024-11-12 15:17:21.581 | INFO     | __main__:run_simulation:216 - Step: 2250 | energy:  5.61e+17 | pressure:  4.04e+15
2024-11-12 15:17:23.095 | INFO     | __main__:run_simulation:216 - Step: 2300 | energy:  5.54e+17 | pressure:  3.99e+15
2024-11-12 15:17:24.644 | INFO     | __main__:run_simulation:216 - Step: 2350 | energy:  5.41e+17 | pressure:  3.90e+15
2024-11-12 15:17:26.197 | INFO     | __main__:run_simulation:216 - Step: 2400 | energy:  5.25e+17 | pressure:  3.78e+15
2024-11-12 15:17:27.770 | INFO     | __main__:run_simulation:216 - Step: 2450 | energy:  5.22e+17 | pressure:  3.76e+15
2024-11-12 15:17:29.351 | INFO     | __main__:run_simulation:216 - Step: 2500 | energy:  5.18e+17 | pressure:  3.73e+15
2024-11-12 15:17:30.807 | INFO     | __main__:run_simulation:216 - Step: 2550 | energy:  5.17e+17 | pressure:  3.72e+15
2024-11-12 15:17:32.182 | INFO     | __main__:run_simulation:216 - Step: 2600 | energy:  5.09e+17 | pressure:  3.67e+15
2024-11-12 15:17:33.303 | INFO     | __main__:run_simulation:216 - Step: 2650 | energy:  5.07e+17 | pressure:  3.65e+15
2024-11-12 15:17:34.581 | INFO     | __main__:run_simulation:216 - Step: 2700 | energy:  5.00e+17 | pressure:  3.60e+15
2024-11-12 15:17:35.848 | INFO     | __main__:run_simulation:216 - Step: 2750 | energy:  4.90e+17 | pressure:  3.53e+15
2024-11-12 15:17:37.031 | INFO     | __main__:run_simulation:216 - Step: 2800 | energy:  4.84e+17 | pressure:  3.48e+15
2024-11-12 15:17:38.251 | INFO     | __main__:run_simulation:216 - Step: 2850 | energy:  4.81e+17 | pressure:  3.47e+15
2024-11-12 15:17:39.490 | INFO     | __main__:run_simulation:216 - Step: 2900 | energy:  4.81e+17 | pressure:  3.46e+15
2024-11-12 15:17:40.910 | INFO     | __main__:run_simulation:216 - Step: 2950 | energy:  4.75e+17 | pressure:  3.42e+15
2024-11-12 15:17:42.313 | INFO     | __main__:run_simulation:216 - Step: 3000 | energy:  4.74e+17 | pressure:  3.42e+15
2024-11-12 15:17:43.877 | INFO     | __main__:run_simulation:216 - Step: 3050 | energy:  4.72e+17 | pressure:  3.40e+15
2024-11-12 15:17:45.286 | INFO     | __main__:run_simulation:216 - Step: 3100 | energy:  4.63e+17 | pressure:  3.33e+15
2024-11-12 15:17:46.482 | INFO     | __main__:run_simulation:216 - Step: 3150 | energy:  4.60e+17 | pressure:  3.32e+15
2024-11-12 15:17:47.649 | INFO     | __main__:run_simulation:216 - Step: 3200 | energy:  4.59e+17 | pressure:  3.31e+15
2024-11-12 15:17:49.212 | INFO     | __main__:run_simulation:216 - Step: 3250 | energy:  4.54e+17 | pressure:  3.27e+15
2024-11-12 15:17:50.675 | INFO     | __main__:run_simulation:216 - Step: 3300 | energy:  4.47e+17 | pressure:  3.22e+15
2024-11-12 15:17:51.978 | INFO     | __main__:run_simulation:216 - Step: 3350 | energy:  4.45e+17 | pressure:  3.21e+15
2024-11-12 15:17:53.519 | INFO     | __main__:run_simulation:216 - Step: 3400 | energy:  4.37e+17 | pressure:  3.15e+15
2024-11-12 15:17:55.053 | INFO     | __main__:run_simulation:216 - Step: 3450 | energy:  4.37e+17 | pressure:  3.14e+15
2024-11-12 15:17:56.597 | INFO     | __main__:run_simulation:216 - Step: 3500 | energy:  4.30e+17 | pressure:  3.09e+15
2024-11-12 15:17:58.121 | INFO     | __main__:run_simulation:216 - Step: 3550 | energy:  4.27e+17 | pressure:  3.07e+15
2024-11-12 15:17:59.694 | INFO     | __main__:run_simulation:216 - Step: 3600 | energy:  4.24e+17 | pressure:  3.05e+15
2024-11-12 15:18:00.888 | INFO     | __main__:run_simulation:216 - Step: 3650 | energy:  4.22e+17 | pressure:  3.04e+15
2024-11-12 15:18:02.066 | INFO     | __main__:run_simulation:216 - Step: 3700 | energy:  4.21e+17 | pressure:  3.03e+15
2024-11-12 15:18:03.472 | INFO     | __main__:run_simulation:216 - Step: 3750 | energy:  4.14e+17 | pressure:  2.98e+15
2024-11-12 15:18:04.799 | INFO     | __main__:run_simulation:216 - Step: 3800 | energy:  4.09e+17 | pressure:  2.94e+15
2024-11-12 15:18:06.275 | INFO     | __main__:run_simulation:216 - Step: 3850 | energy:  4.00e+17 | pressure:  2.88e+15
2024-11-12 15:18:07.685 | INFO     | __main__:run_simulation:216 - Step: 3900 | energy:  3.97e+17 | pressure:  2.86e+15
2024-11-12 15:18:09.148 | INFO     | __main__:run_simulation:216 - Step: 3950 | energy:  3.91e+17 | pressure:  2.81e+15
2024-11-12 15:18:10.591 | INFO     | __main__:run_simulation:216 - Step: 4000 | energy:  3.87e+17 | pressure:  2.78e+15
2024-11-12 15:18:11.894 | INFO     | __main__:run_simulation:216 - Step: 4050 | energy:  3.77e+17 | pressure:  2.72e+15
2024-11-12 15:18:13.074 | INFO     | __main__:run_simulation:216 - Step: 4100 | energy:  3.76e+17 | pressure:  2.71e+15
2024-11-12 15:18:14.267 | INFO     | __main__:run_simulation:216 - Step: 4150 | energy:  3.72e+17 | pressure:  2.68e+15
2024-11-12 15:18:15.404 | INFO     | __main__:run_simulation:216 - Step: 4200 | energy:  3.68e+17 | pressure:  2.65e+15
2024-11-12 15:18:16.507 | INFO     | __main__:run_simulation:216 - Step: 4250 | energy:  3.63e+17 | pressure:  2.61e+15
2024-11-12 15:18:17.631 | INFO     | __main__:run_simulation:216 - Step: 4300 | energy:  3.61e+17 | pressure:  2.60e+15
2024-11-12 15:18:18.755 | INFO     | __main__:run_simulation:216 - Step: 4350 | energy:  3.61e+17 | pressure:  2.60e+15
2024-11-12 15:18:20.253 | INFO     | __main__:run_simulation:216 - Step: 4400 | energy:  3.61e+17 | pressure:  2.60e+15
2024-11-12 15:18:21.731 | INFO     | __main__:run_simulation:216 - Step: 4450 | energy:  3.55e+17 | pressure:  2.56e+15
2024-11-12 15:18:23.231 | INFO     | __main__:run_simulation:216 - Step: 4500 | energy:  3.55e+17 | pressure:  2.56e+15
2024-11-12 15:18:24.369 | INFO     | __main__:run_simulation:216 - Step: 4550 | energy:  3.52e+17 | pressure:  2.54e+15
2024-11-12 15:18:25.540 | INFO     | __main__:run_simulation:216 - Step: 4600 | energy:  3.49e+17 | pressure:  2.51e+15
2024-11-12 15:18:27.031 | INFO     | __main__:run_simulation:216 - Step: 4650 | energy:  3.43e+17 | pressure:  2.47e+15
2024-11-12 15:18:28.136 | INFO     | __main__:run_simulation:216 - Step: 4700 | energy:  3.41e+17 | pressure:  2.45e+15
2024-11-12 15:18:29.242 | INFO     | __main__:run_simulation:216 - Step: 4750 | energy:  3.39e+17 | pressure:  2.44e+15
2024-11-12 15:18:30.643 | INFO     | __main__:run_simulation:216 - Step: 4800 | energy:  3.39e+17 | pressure:  2.44e+15
2024-11-12 15:18:32.057 | INFO     | __main__:run_simulation:216 - Step: 4850 | energy:  3.30e+17 | pressure:  2.37e+15
2024-11-12 15:18:33.513 | INFO     | __main__:run_simulation:216 - Step: 4900 | energy:  3.22e+17 | pressure:  2.32e+15
2024-11-12 15:18:34.945 | INFO     | __main__:run_simulation:216 - Step: 4950 | energy:  3.22e+17 | pressure:  2.32e+15
2024-11-12 15:18:36.341 | INFO     | __main__:run_simulation:216 - Step: 5000 | energy:  3.22e+17 | pressure:  2.32e+15
2024-11-12 15:18:37.804 | INFO     | __main__:run_simulation:216 - Step: 5050 | energy:  3.22e+17 | pressure:  2.32e+15
2024-11-12 15:18:39.332 | INFO     | __main__:run_simulation:216 - Step: 5100 | energy:  3.22e+17 | pressure:  2.32e+15
2024-11-12 15:18:40.768 | INFO     | __main__:run_simulation:216 - Step: 5150 | energy:  3.19e+17 | pressure:  2.30e+15
2024-11-12 15:18:42.202 | INFO     | __main__:run_simulation:216 - Step: 5200 | energy:  3.19e+17 | pressure:  2.30e+15
2024-11-12 15:18:43.660 | INFO     | __main__:run_simulation:216 - Step: 5250 | energy:  3.17e+17 | pressure:  2.28e+15
2024-11-12 15:18:45.048 | INFO     | __main__:run_simulation:216 - Step: 5300 | energy:  3.15e+17 | pressure:  2.27e+15
2024-11-12 15:18:46.516 | INFO     | __main__:run_simulation:216 - Step: 5350 | energy:  3.13e+17 | pressure:  2.25e+15
2024-11-12 15:18:48.021 | INFO     | __main__:run_simulation:216 - Step: 5400 | energy:  3.11e+17 | pressure:  2.24e+15
2024-11-12 15:18:49.602 | INFO     | __main__:run_simulation:216 - Step: 5450 | energy:  3.10e+17 | pressure:  2.23e+15
2024-11-12 15:18:51.227 | INFO     | __main__:run_simulation:216 - Step: 5500 | energy:  3.09e+17 | pressure:  2.22e+15
2024-11-12 15:18:52.739 | INFO     | __main__:run_simulation:216 - Step: 5550 | energy:  3.07e+17 | pressure:  2.21e+15
2024-11-12 15:18:54.163 | INFO     | __main__:run_simulation:216 - Step: 5600 | energy:  3.06e+17 | pressure:  2.20e+15
2024-11-12 15:18:55.675 | INFO     | __main__:run_simulation:216 - Step: 5650 | energy:  3.06e+17 | pressure:  2.20e+15
2024-11-12 15:18:57.153 | INFO     | __main__:run_simulation:216 - Step: 5700 | energy:  3.06e+17 | pressure:  2.20e+15
2024-11-12 15:18:58.553 | INFO     | __main__:run_simulation:216 - Step: 5750 | energy:  3.04e+17 | pressure:  2.19e+15
2024-11-12 15:19:00.000 | INFO     | __main__:run_simulation:216 - Step: 5800 | energy:  3.04e+17 | pressure:  2.19e+15
2024-11-12 15:19:01.445 | INFO     | __main__:run_simulation:216 - Step: 5850 | energy:  3.04e+17 | pressure:  2.19e+15
2024-11-12 15:19:02.928 | INFO     | __main__:run_simulation:216 - Step: 5900 | energy:  3.02e+17 | pressure:  2.17e+15
2024-11-12 15:19:04.465 | INFO     | __main__:run_simulation:216 - Step: 5950 | energy:  3.01e+17 | pressure:  2.17e+15
2024-11-12 15:19:06.012 | INFO     | __main__:run_simulation:216 - Step: 6000 | energy:  2.99e+17 | pressure:  2.15e+15
2024-11-12 15:19:07.549 | INFO     | __main__:run_simulation:216 - Step: 6050 | energy:  2.96e+17 | pressure:  2.13e+15
2024-11-12 15:19:09.109 | INFO     | __main__:run_simulation:216 - Step: 6100 | energy:  2.94e+17 | pressure:  2.11e+15
2024-11-12 15:19:10.501 | INFO     | __main__:run_simulation:216 - Step: 6150 | energy:  2.94e+17 | pressure:  2.11e+15
2024-11-12 15:19:12.086 | INFO     | __main__:run_simulation:216 - Step: 6200 | energy:  2.94e+17 | pressure:  2.11e+15
2024-11-12 15:19:13.613 | INFO     | __main__:run_simulation:216 - Step: 6250 | energy:  2.94e+17 | pressure:  2.11e+15
2024-11-12 15:19:15.083 | INFO     | __main__:run_simulation:216 - Step: 6300 | energy:  2.84e+17 | pressure:  2.04e+15
2024-11-12 15:19:16.451 | INFO     | __main__:run_simulation:216 - Step: 6350 | energy:  2.84e+17 | pressure:  2.04e+15
2024-11-12 15:19:17.942 | INFO     | __main__:run_simulation:216 - Step: 6400 | energy:  2.83e+17 | pressure:  2.04e+15
2024-11-12 15:19:19.457 | INFO     | __main__:run_simulation:216 - Step: 6450 | energy:  2.80e+17 | pressure:  2.01e+15
2024-11-12 15:19:20.875 | INFO     | __main__:run_simulation:216 - Step: 6500 | energy:  2.77e+17 | pressure:  2.00e+15
2024-11-12 15:19:22.290 | INFO     | __main__:run_simulation:216 - Step: 6550 | energy:  2.72e+17 | pressure:  1.96e+15
2024-11-12 15:19:23.781 | INFO     | __main__:run_simulation:216 - Step: 6600 | energy:  2.66e+17 | pressure:  1.91e+15
2024-11-12 15:19:25.251 | INFO     | __main__:run_simulation:216 - Step: 6650 | energy:  2.59e+17 | pressure:  1.86e+15
2024-11-12 15:19:26.581 | INFO     | __main__:run_simulation:216 - Step: 6700 | energy:  2.56e+17 | pressure:  1.84e+15
2024-11-12 15:19:27.912 | INFO     | __main__:run_simulation:216 - Step: 6750 | energy:  2.55e+17 | pressure:  1.84e+15
2024-11-12 15:19:29.243 | INFO     | __main__:run_simulation:216 - Step: 6800 | energy:  2.53e+17 | pressure:  1.82e+15
2024-11-12 15:19:30.730 | INFO     | __main__:run_simulation:216 - Step: 6850 | energy:  2.53e+17 | pressure:  1.82e+15
2024-11-12 15:19:32.295 | INFO     | __main__:run_simulation:216 - Step: 6900 | energy:  2.46e+17 | pressure:  1.77e+15
2024-11-12 15:19:33.814 | INFO     | __main__:run_simulation:216 - Step: 6950 | energy:  2.42e+17 | pressure:  1.74e+15
2024-11-12 15:19:35.265 | INFO     | __main__:run_simulation:216 - Step: 7000 | energy:  2.42e+17 | pressure:  1.74e+15
2024-11-12 15:19:36.621 | INFO     | __main__:run_simulation:216 - Step: 7050 | energy:  2.41e+17 | pressure:  1.73e+15
2024-11-12 15:19:37.918 | INFO     | __main__:run_simulation:216 - Step: 7100 | energy:  2.41e+17 | pressure:  1.73e+15
2024-11-12 15:19:39.218 | INFO     | __main__:run_simulation:216 - Step: 7150 | energy:  2.39e+17 | pressure:  1.72e+15
2024-11-12 15:19:40.546 | INFO     | __main__:run_simulation:216 - Step: 7200 | energy:  2.38e+17 | pressure:  1.72e+15
2024-11-12 15:19:41.988 | INFO     | __main__:run_simulation:216 - Step: 7250 | energy:  2.36e+17 | pressure:  1.70e+15
2024-11-12 15:19:43.545 | INFO     | __main__:run_simulation:216 - Step: 7300 | energy:  2.35e+17 | pressure:  1.69e+15
2024-11-12 15:19:44.932 | INFO     | __main__:run_simulation:216 - Step: 7350 | energy:  2.30e+17 | pressure:  1.65e+15
2024-11-12 15:19:46.325 | INFO     | __main__:run_simulation:216 - Step: 7400 | energy:  2.30e+17 | pressure:  1.65e+15
2024-11-12 15:19:47.696 | INFO     | __main__:run_simulation:216 - Step: 7450 | energy:  2.23e+17 | pressure:  1.61e+15
2024-11-12 15:19:49.354 | INFO     | __main__:run_simulation:216 - Step: 7500 | energy:  2.23e+17 | pressure:  1.60e+15
2024-11-12 15:19:50.951 | INFO     | __main__:run_simulation:216 - Step: 7550 | energy:  2.22e+17 | pressure:  1.60e+15
2024-11-12 15:19:52.268 | INFO     | __main__:run_simulation:216 - Step: 7600 | energy:  2.18e+17 | pressure:  1.57e+15
2024-11-12 15:19:53.798 | INFO     | __main__:run_simulation:216 - Step: 7650 | energy:  2.15e+17 | pressure:  1.55e+15
2024-11-12 15:19:55.389 | INFO     | __main__:run_simulation:216 - Step: 7700 | energy:  2.12e+17 | pressure:  1.53e+15
2024-11-12 15:19:56.986 | INFO     | __main__:run_simulation:216 - Step: 7750 | energy:  2.12e+17 | pressure:  1.53e+15
2024-11-12 15:19:58.595 | INFO     | __main__:run_simulation:216 - Step: 7800 | energy:  2.12e+17 | pressure:  1.53e+15
2024-11-12 15:20:00.282 | INFO     | __main__:run_simulation:216 - Step: 7850 | energy:  2.09e+17 | pressure:  1.50e+15
2024-11-12 15:20:01.534 | INFO     | __main__:run_simulation:216 - Step: 7900 | energy:  2.05e+17 | pressure:  1.47e+15
2024-11-12 15:20:02.650 | INFO     | __main__:run_simulation:216 - Step: 7950 | energy:  2.05e+17 | pressure:  1.47e+15
2024-11-12 15:20:03.891 | INFO     | __main__:run_simulation:216 - Step: 8000 | energy:  2.05e+17 | pressure:  1.47e+15
2024-11-12 15:20:05.107 | INFO     | __main__:run_simulation:216 - Step: 8050 | energy:  2.02e+17 | pressure:  1.45e+15
2024-11-12 15:20:06.569 | INFO     | __main__:run_simulation:216 - Step: 8100 | energy:  2.00e+17 | pressure:  1.44e+15
2024-11-12 15:20:07.946 | INFO     | __main__:run_simulation:216 - Step: 8150 | energy:  2.00e+17 | pressure:  1.44e+15
2024-11-12 15:20:09.414 | INFO     | __main__:run_simulation:216 - Step: 8200 | energy:  2.00e+17 | pressure:  1.44e+15
2024-11-12 15:20:10.894 | INFO     | __main__:run_simulation:216 - Step: 8250 | energy:  2.00e+17 | pressure:  1.44e+15
2024-11-12 15:20:12.314 | INFO     | __main__:run_simulation:216 - Step: 8300 | energy:  2.00e+17 | pressure:  1.44e+15
2024-11-12 15:20:13.673 | INFO     | __main__:run_simulation:216 - Step: 8350 | energy:  1.96e+17 | pressure:  1.41e+15
2024-11-12 15:20:14.940 | INFO     | __main__:run_simulation:216 - Step: 8400 | energy:  1.95e+17 | pressure:  1.40e+15
2024-11-12 15:20:16.276 | INFO     | __main__:run_simulation:216 - Step: 8450 | energy:  1.95e+17 | pressure:  1.40e+15
2024-11-12 15:20:17.747 | INFO     | __main__:run_simulation:216 - Step: 8500 | energy:  1.93e+17 | pressure:  1.39e+15
2024-11-12 15:20:19.336 | INFO     | __main__:run_simulation:216 - Step: 8550 | energy:  1.93e+17 | pressure:  1.39e+15
2024-11-12 15:20:20.919 | INFO     | __main__:run_simulation:216 - Step: 8600 | energy:  1.93e+17 | pressure:  1.39e+15
2024-11-12 15:20:22.382 | INFO     | __main__:run_simulation:216 - Step: 8650 | energy:  1.90e+17 | pressure:  1.37e+15
2024-11-12 15:20:23.744 | INFO     | __main__:run_simulation:216 - Step: 8700 | energy:  1.90e+17 | pressure:  1.37e+15
2024-11-12 15:20:24.791 | INFO     | __main__:run_simulation:216 - Step: 8750 | energy:  1.90e+17 | pressure:  1.37e+15
2024-11-12 15:20:25.702 | INFO     | __main__:run_simulation:216 - Step: 8800 | energy:  1.87e+17 | pressure:  1.35e+15
2024-11-12 15:20:26.557 | INFO     | __main__:run_simulation:216 - Step: 8850 | energy:  1.84e+17 | pressure:  1.33e+15
2024-11-12 15:20:27.558 | INFO     | __main__:run_simulation:216 - Step: 8900 | energy:  1.84e+17 | pressure:  1.33e+15
2024-11-12 15:20:28.991 | INFO     | __main__:run_simulation:216 - Step: 8950 | energy:  1.84e+17 | pressure:  1.32e+15
2024-11-12 15:20:30.199 | INFO     | __main__:run_simulation:216 - Step: 9000 | energy:  1.84e+17 | pressure:  1.32e+15
2024-11-12 15:20:31.643 | INFO     | __main__:run_simulation:216 - Step: 9050 | energy:  1.83e+17 | pressure:  1.32e+15
2024-11-12 15:20:32.928 | INFO     | __main__:run_simulation:216 - Step: 9100 | energy:  1.83e+17 | pressure:  1.32e+15
2024-11-12 15:20:33.960 | INFO     | __main__:run_simulation:216 - Step: 9150 | energy:  1.83e+17 | pressure:  1.32e+15
2024-11-12 15:20:35.021 | INFO     | __main__:run_simulation:216 - Step: 9200 | energy:  1.83e+17 | pressure:  1.32e+15
2024-11-12 15:20:36.105 | INFO     | __main__:run_simulation:216 - Step: 9250 | energy:  1.83e+17 | pressure:  1.32e+15
2024-11-12 15:20:37.179 | INFO     | __main__:run_simulation:216 - Step: 9300 | energy:  1.80e+17 | pressure:  1.29e+15
2024-11-12 15:20:38.281 | INFO     | __main__:run_simulation:216 - Step: 9350 | energy:  1.79e+17 | pressure:  1.29e+15
2024-11-12 15:20:39.365 | INFO     | __main__:run_simulation:216 - Step: 9400 | energy:  1.79e+17 | pressure:  1.29e+15
2024-11-12 15:20:40.451 | INFO     | __main__:run_simulation:216 - Step: 9450 | energy:  1.79e+17 | pressure:  1.29e+15
2024-11-12 15:20:42.125 | INFO     | __main__:run_simulation:216 - Step: 9500 | energy:  1.75e+17 | pressure:  1.26e+15
2024-11-12 15:20:43.680 | INFO     | __main__:run_simulation:216 - Step: 9550 | energy:  1.73e+17 | pressure:  1.24e+15
2024-11-12 15:20:45.406 | INFO     | __main__:run_simulation:216 - Step: 9600 | energy:  1.71e+17 | pressure:  1.23e+15
2024-11-12 15:20:47.017 | INFO     | __main__:run_simulation:216 - Step: 9650 | energy:  1.70e+17 | pressure:  1.22e+15
2024-11-12 15:20:48.508 | INFO     | __main__:run_simulation:216 - Step: 9700 | energy:  1.67e+17 | pressure:  1.20e+15
2024-11-12 15:20:50.055 | INFO     | __main__:run_simulation:216 - Step: 9750 | energy:  1.66e+17 | pressure:  1.19e+15
2024-11-12 15:20:51.161 | INFO     | __main__:run_simulation:216 - Step: 9800 | energy:  1.58e+17 | pressure:  1.14e+15
2024-11-12 15:20:52.549 | INFO     | __main__:run_simulation:216 - Step: 9850 | energy:  1.55e+17 | pressure:  1.12e+15
2024-11-12 15:20:53.929 | INFO     | __main__:run_simulation:216 - Step: 9900 | energy:  1.52e+17 | pressure:  1.10e+15
2024-11-12 15:20:55.261 | INFO     | __main__:run_simulation:216 - Step: 9950 | energy:  1.49e+17 | pressure:  1.07e+15
2024-11-12 15:20:56.434 | INFO     | __main__:run_simulation:216 - Step: 10000 | energy:  1.46e+17 | pressure:  1.05e+15
2024-11-12 15:20:57.812 | INFO     | __main__:run_simulation:216 - Step: 10050 | energy:  1.46e+17 | pressure:  1.05e+15
2024-11-12 15:20:59.136 | INFO     | __main__:run_simulation:216 - Step: 10100 | energy:  1.46e+17 | pressure:  1.05e+15
2024-11-12 15:21:00.446 | INFO     | __main__:run_simulation:216 - Step: 10150 | energy:  1.45e+17 | pressure:  1.04e+15
2024-11-12 15:21:01.819 | INFO     | __main__:run_simulation:216 - Step: 10200 | energy:  1.45e+17 | pressure:  1.04e+15
2024-11-12 15:21:03.330 | INFO     | __main__:run_simulation:216 - Step: 10250 | energy:  1.41e+17 | pressure:  1.01e+15
2024-11-12 15:21:04.662 | INFO     | __main__:run_simulation:216 - Step: 10300 | energy:  1.40e+17 | pressure:  1.01e+15
2024-11-12 15:21:06.219 | INFO     | __main__:run_simulation:216 - Step: 10350 | energy:  1.40e+17 | pressure:  1.01e+15
2024-11-12 15:21:07.611 | INFO     | __main__:run_simulation:216 - Step: 10400 | energy:  1.36e+17 | pressure:  9.82e+14
2024-11-12 15:21:09.211 | INFO     | __main__:run_simulation:216 - Step: 10450 | energy:  1.34e+17 | pressure:  9.62e+14
2024-11-12 15:21:10.234 | INFO     | __main__:run_simulation:216 - Step: 10500 | energy:  1.33e+17 | pressure:  9.54e+14
2024-11-12 15:21:11.360 | INFO     | __main__:run_simulation:216 - Step: 10550 | energy:  1.33e+17 | pressure:  9.54e+14
2024-11-12 15:21:12.811 | INFO     | __main__:run_simulation:216 - Step: 10600 | energy:  1.32e+17 | pressure:  9.53e+14
2024-11-12 15:21:14.207 | INFO     | __main__:run_simulation:216 - Step: 10650 | energy:  1.32e+17 | pressure:  9.53e+14
2024-11-12 15:21:15.637 | INFO     | __main__:run_simulation:216 - Step: 10700 | energy:  1.31e+17 | pressure:  9.42e+14
2024-11-12 15:21:17.103 | INFO     | __main__:run_simulation:216 - Step: 10750 | energy:  1.29e+17 | pressure:  9.30e+14
2024-11-12 15:21:18.577 | INFO     | __main__:run_simulation:216 - Step: 10800 | energy:  1.29e+17 | pressure:  9.30e+14
2024-11-12 15:21:20.023 | INFO     | __main__:run_simulation:216 - Step: 10850 | energy:  1.28e+17 | pressure:  9.20e+14
2024-11-12 15:21:21.695 | INFO     | __main__:run_simulation:216 - Step: 10900 | energy:  1.26e+17 | pressure:  9.07e+14
2024-11-12 15:21:22.977 | INFO     | __main__:run_simulation:216 - Step: 10950 | energy:  1.26e+17 | pressure:  9.07e+14
2024-11-12 15:21:24.417 | INFO     | __main__:run_simulation:216 - Step: 11000 | energy:  1.26e+17 | pressure:  9.07e+14
2024-11-12 15:21:25.642 | INFO     | __main__:run_simulation:216 - Step: 11050 | energy:  1.24e+17 | pressure:  8.96e+14
2024-11-12 15:21:26.925 | INFO     | __main__:run_simulation:216 - Step: 11100 | energy:  1.24e+17 | pressure:  8.96e+14
2024-11-12 15:21:28.526 | INFO     | __main__:run_simulation:216 - Step: 11150 | energy:  1.23e+17 | pressure:  8.89e+14
2024-11-12 15:21:30.113 | INFO     | __main__:run_simulation:216 - Step: 11200 | energy:  1.23e+17 | pressure:  8.89e+14
2024-11-12 15:21:31.622 | INFO     | __main__:run_simulation:216 - Step: 11250 | energy:  1.23e+17 | pressure:  8.89e+14
2024-11-12 15:21:33.014 | INFO     | __main__:run_simulation:216 - Step: 11300 | energy:  1.20e+17 | pressure:  8.64e+14
2024-11-12 15:21:34.481 | INFO     | __main__:run_simulation:216 - Step: 11350 | energy:  1.20e+17 | pressure:  8.64e+14
2024-11-12 15:21:35.944 | INFO     | __main__:run_simulation:216 - Step: 11400 | energy:  1.20e+17 | pressure:  8.64e+14
2024-11-12 15:21:37.491 | INFO     | __main__:run_simulation:216 - Step: 11450 | energy:  1.18e+17 | pressure:  8.50e+14
2024-11-12 15:21:39.068 | INFO     | __main__:run_simulation:216 - Step: 11500 | energy:  1.16e+17 | pressure:  8.38e+14
2024-11-12 15:21:40.654 | INFO     | __main__:run_simulation:216 - Step: 11550 | energy:  1.15e+17 | pressure:  8.25e+14
2024-11-12 15:21:42.255 | INFO     | __main__:run_simulation:216 - Step: 11600 | energy:  1.15e+17 | pressure:  8.25e+14
2024-11-12 15:21:43.652 | INFO     | __main__:run_simulation:216 - Step: 11650 | energy:  1.05e+17 | pressure:  7.60e+14
2024-11-12 15:21:45.216 | INFO     | __main__:run_simulation:216 - Step: 11700 | energy:  1.05e+17 | pressure:  7.52e+14
2024-11-12 15:21:46.924 | INFO     | __main__:__init__:123 - Box length: 8.2207069144349
2024-11-12 15:21:46.924 | INFO     | __main__:run_simulation:204 - Running simulation...
2024-11-12 15:21:48.590 | INFO     | __main__:run_simulation:216 - Step: 0 | energy:  9.67e+17 | pressure:  6.96e+15
2024-11-12 15:21:49.949 | INFO     | __main__:run_simulation:216 - Step: 50 | energy:  9.59e+17 | pressure:  6.91e+15
2024-11-12 15:21:51.511 | INFO     | __main__:run_simulation:216 - Step: 100 | energy:  9.50e+17 | pressure:  6.84e+15
2024-11-12 15:21:53.120 | INFO     | __main__:run_simulation:216 - Step: 150 | energy:  9.27e+17 | pressure:  6.68e+15
2024-11-12 15:21:54.619 | INFO     | __main__:run_simulation:216 - Step: 200 | energy:  9.09e+17 | pressure:  6.55e+15
2024-11-12 15:21:56.008 | INFO     | __main__:run_simulation:216 - Step: 250 | energy:  9.03e+17 | pressure:  6.50e+15
2024-11-12 15:21:57.466 | INFO     | __main__:run_simulation:216 - Step: 300 | energy:  8.96e+17 | pressure:  6.45e+15
2024-11-12 15:21:58.857 | INFO     | __main__:run_simulation:216 - Step: 350 | energy:  8.85e+17 | pressure:  6.37e+15
2024-11-12 15:22:00.444 | INFO     | __main__:run_simulation:216 - Step: 400 | energy:  8.59e+17 | pressure:  6.18e+15
2024-11-12 15:22:01.994 | INFO     | __main__:run_simulation:216 - Step: 450 | energy:  8.54e+17 | pressure:  6.15e+15
2024-11-12 15:22:03.517 | INFO     | __main__:run_simulation:216 - Step: 500 | energy:  8.49e+17 | pressure:  6.11e+15
2024-11-12 15:22:04.842 | INFO     | __main__:run_simulation:216 - Step: 550 | energy:  8.44e+17 | pressure:  6.07e+15
2024-11-12 15:22:06.103 | INFO     | __main__:run_simulation:216 - Step: 600 | energy:  8.15e+17 | pressure:  5.87e+15
2024-11-12 15:22:07.619 | INFO     | __main__:run_simulation:216 - Step: 650 | energy:  8.10e+17 | pressure:  5.84e+15
2024-11-12 15:22:09.098 | INFO     | __main__:run_simulation:216 - Step: 700 | energy:  7.95e+17 | pressure:  5.73e+15
2024-11-12 15:22:10.197 | INFO     | __main__:run_simulation:216 - Step: 750 | energy:  7.95e+17 | pressure:  5.73e+15
2024-11-12 15:22:11.220 | INFO     | __main__:run_simulation:216 - Step: 800 | energy:  7.84e+17 | pressure:  5.65e+15
2024-11-12 15:22:12.675 | INFO     | __main__:run_simulation:216 - Step: 850 | energy:  7.66e+17 | pressure:  5.51e+15
2024-11-12 15:22:14.259 | INFO     | __main__:run_simulation:216 - Step: 900 | energy:  7.53e+17 | pressure:  5.42e+15
2024-11-12 15:22:15.665 | INFO     | __main__:run_simulation:216 - Step: 950 | energy:  7.45e+17 | pressure:  5.37e+15
2024-11-12 15:22:17.215 | INFO     | __main__:run_simulation:216 - Step: 1000 | energy:  7.40e+17 | pressure:  5.33e+15
2024-11-12 15:22:18.632 | INFO     | __main__:run_simulation:216 - Step: 1050 | energy:  7.24e+17 | pressure:  5.21e+15
2024-11-12 15:22:20.148 | INFO     | __main__:run_simulation:216 - Step: 1100 | energy:  7.13e+17 | pressure:  5.13e+15
2024-11-12 15:22:21.622 | INFO     | __main__:run_simulation:216 - Step: 1150 | energy:  7.12e+17 | pressure:  5.12e+15
2024-11-12 15:22:23.014 | INFO     | __main__:run_simulation:216 - Step: 1200 | energy:  6.96e+17 | pressure:  5.01e+15
2024-11-12 15:22:24.397 | INFO     | __main__:run_simulation:216 - Step: 1250 | energy:  6.94e+17 | pressure:  5.00e+15
2024-11-12 15:22:25.930 | INFO     | __main__:run_simulation:216 - Step: 1300 | energy:  6.90e+17 | pressure:  4.96e+15
2024-11-12 15:22:27.320 | INFO     | __main__:run_simulation:216 - Step: 1350 | energy:  6.84e+17 | pressure:  4.92e+15
2024-11-12 15:22:28.551 | INFO     | __main__:run_simulation:216 - Step: 1400 | energy:  6.81e+17 | pressure:  4.91e+15
2024-11-12 15:22:30.000 | INFO     | __main__:run_simulation:216 - Step: 1450 | energy:  6.73e+17 | pressure:  4.84e+15
2024-11-12 15:22:31.358 | INFO     | __main__:run_simulation:216 - Step: 1500 | energy:  6.65e+17 | pressure:  4.79e+15
2024-11-12 15:22:32.461 | INFO     | __main__:run_simulation:216 - Step: 1550 | energy:  6.49e+17 | pressure:  4.67e+15
2024-11-12 15:22:33.578 | INFO     | __main__:run_simulation:216 - Step: 1600 | energy:  6.47e+17 | pressure:  4.66e+15
2024-11-12 15:22:34.755 | INFO     | __main__:run_simulation:216 - Step: 1650 | energy:  6.40e+17 | pressure:  4.61e+15
2024-11-12 15:22:36.190 | INFO     | __main__:run_simulation:216 - Step: 1700 | energy:  6.24e+17 | pressure:  4.49e+15
2024-11-12 15:22:37.661 | INFO     | __main__:run_simulation:216 - Step: 1750 | energy:  6.18e+17 | pressure:  4.45e+15
2024-11-12 15:22:39.070 | INFO     | __main__:run_simulation:216 - Step: 1800 | energy:  6.10e+17 | pressure:  4.40e+15
2024-11-12 15:22:40.289 | INFO     | __main__:run_simulation:216 - Step: 1850 | energy:  6.04e+17 | pressure:  4.35e+15
2024-11-12 15:22:41.600 | INFO     | __main__:run_simulation:216 - Step: 1900 | energy:  5.93e+17 | pressure:  4.27e+15
2024-11-12 15:22:43.098 | INFO     | __main__:run_simulation:216 - Step: 1950 | energy:  5.91e+17 | pressure:  4.26e+15
2024-11-12 15:22:44.552 | INFO     | __main__:run_simulation:216 - Step: 2000 | energy:  5.88e+17 | pressure:  4.23e+15
2024-11-12 15:22:46.036 | INFO     | __main__:run_simulation:216 - Step: 2050 | energy:  5.84e+17 | pressure:  4.20e+15
2024-11-12 15:22:47.531 | INFO     | __main__:run_simulation:216 - Step: 2100 | energy:  5.78e+17 | pressure:  4.16e+15
2024-11-12 15:22:48.969 | INFO     | __main__:run_simulation:216 - Step: 2150 | energy:  5.72e+17 | pressure:  4.12e+15
2024-11-12 15:22:50.394 | INFO     | __main__:run_simulation:216 - Step: 2200 | energy:  5.63e+17 | pressure:  4.06e+15
2024-11-12 15:22:51.749 | INFO     | __main__:run_simulation:216 - Step: 2250 | energy:  5.61e+17 | pressure:  4.04e+15
2024-11-12 15:22:52.934 | INFO     | __main__:run_simulation:216 - Step: 2300 | energy:  5.54e+17 | pressure:  3.99e+15
2024-11-12 15:22:54.306 | INFO     | __main__:run_simulation:216 - Step: 2350 | energy:  5.41e+17 | pressure:  3.90e+15
2024-11-12 15:22:55.506 | INFO     | __main__:run_simulation:216 - Step: 2400 | energy:  5.25e+17 | pressure:  3.78e+15
2024-11-12 15:22:56.768 | INFO     | __main__:run_simulation:216 - Step: 2450 | energy:  5.22e+17 | pressure:  3.76e+15
2024-11-12 15:22:57.883 | INFO     | __main__:run_simulation:216 - Step: 2500 | energy:  5.18e+17 | pressure:  3.73e+15
2024-11-12 15:22:58.959 | INFO     | __main__:run_simulation:216 - Step: 2550 | energy:  5.17e+17 | pressure:  3.72e+15
2024-11-12 15:23:00.310 | INFO     | __main__:run_simulation:216 - Step: 2600 | energy:  5.09e+17 | pressure:  3.67e+15
2024-11-12 15:23:01.472 | INFO     | __main__:run_simulation:216 - Step: 2650 | energy:  5.07e+17 | pressure:  3.65e+15
2024-11-12 15:23:02.925 | INFO     | __main__:run_simulation:216 - Step: 2700 | energy:  5.00e+17 | pressure:  3.60e+15
2024-11-12 15:23:04.460 | INFO     | __main__:run_simulation:216 - Step: 2750 | energy:  4.90e+17 | pressure:  3.53e+15
2024-11-12 15:23:06.010 | INFO     | __main__:run_simulation:216 - Step: 2800 | energy:  4.84e+17 | pressure:  3.48e+15
2024-11-12 15:23:07.428 | INFO     | __main__:run_simulation:216 - Step: 2850 | energy:  4.81e+17 | pressure:  3.47e+15
2024-11-12 15:23:08.557 | INFO     | __main__:run_simulation:216 - Step: 2900 | energy:  4.81e+17 | pressure:  3.46e+15
2024-11-12 15:23:09.860 | INFO     | __main__:run_simulation:216 - Step: 2950 | energy:  4.75e+17 | pressure:  3.42e+15
2024-11-12 15:23:11.216 | INFO     | __main__:run_simulation:216 - Step: 3000 | energy:  4.74e+17 | pressure:  3.42e+15
2024-11-12 15:23:12.796 | INFO     | __main__:run_simulation:216 - Step: 3050 | energy:  4.72e+17 | pressure:  3.40e+15
2024-11-12 15:23:14.244 | INFO     | __main__:run_simulation:216 - Step: 3100 | energy:  4.63e+17 | pressure:  3.33e+15
2024-11-12 15:23:15.896 | INFO     | __main__:run_simulation:216 - Step: 3150 | energy:  4.60e+17 | pressure:  3.32e+15
2024-11-12 15:23:17.444 | INFO     | __main__:run_simulation:216 - Step: 3200 | energy:  4.59e+17 | pressure:  3.31e+15
2024-11-12 15:23:19.904 | INFO     | __main__:__init__:126 - Box length: 8.2207069144349
2024-11-12 15:23:19.904 | INFO     | __main__:run_simulation:207 - Running simulation...
2024-11-12 15:23:21.646 | INFO     | __main__:run_simulation:219 - Step: 0 | energy: -1.55e+03 | pressure:  1.05e+01
2024-11-12 15:23:24.209 | INFO     | __main__:run_simulation:219 - Step: 50 | energy: -1.53e+03 | pressure:  1.04e+01
2024-11-12 15:23:26.670 | INFO     | __main__:run_simulation:219 - Step: 100 | energy: -1.51e+03 | pressure:  1.02e+01
2024-11-12 15:23:29.164 | INFO     | __main__:run_simulation:219 - Step: 150 | energy: -1.50e+03 | pressure:  1.00e+01
2024-11-12 15:23:31.906 | INFO     | __main__:run_simulation:219 - Step: 200 | energy: -1.48e+03 | pressure:  9.75e+00
2024-11-12 15:23:34.661 | INFO     | __main__:run_simulation:219 - Step: 250 | energy: -1.47e+03 | pressure:  9.62e+00
2024-11-12 15:23:37.344 | INFO     | __main__:run_simulation:219 - Step: 300 | energy: -1.47e+03 | pressure:  9.62e+00
2024-11-12 15:23:40.089 | INFO     | __main__:run_simulation:219 - Step: 350 | energy: -1.44e+03 | pressure:  9.28e+00
2024-11-12 15:23:42.726 | INFO     | __main__:run_simulation:219 - Step: 400 | energy: -1.42e+03 | pressure:  9.09e+00
2024-11-12 15:23:45.473 | INFO     | __main__:run_simulation:219 - Step: 450 | energy: -1.39e+03 | pressure:  8.68e+00
2024-11-12 15:23:47.941 | INFO     | __main__:run_simulation:219 - Step: 500 | energy: -1.39e+03 | pressure:  8.57e+00
2024-11-12 15:23:50.652 | INFO     | __main__:run_simulation:219 - Step: 550 | energy: -1.37e+03 | pressure:  8.45e+00
2024-11-12 15:23:53.311 | INFO     | __main__:run_simulation:219 - Step: 600 | energy: -1.36e+03 | pressure:  8.27e+00
2024-11-12 15:23:55.962 | INFO     | __main__:run_simulation:219 - Step: 650 | energy: -1.35e+03 | pressure:  8.20e+00
2024-11-12 15:23:58.506 | INFO     | __main__:run_simulation:219 - Step: 700 | energy: -1.34e+03 | pressure:  7.98e+00
2024-11-12 15:24:01.135 | INFO     | __main__:run_simulation:219 - Step: 750 | energy: -1.32e+03 | pressure:  7.75e+00
2024-11-12 15:24:03.798 | INFO     | __main__:run_simulation:219 - Step: 800 | energy: -1.32e+03 | pressure:  7.61e+00
2024-11-12 15:24:06.405 | INFO     | __main__:run_simulation:219 - Step: 850 | energy: -1.30e+03 | pressure:  7.41e+00
2024-11-12 15:24:09.067 | INFO     | __main__:run_simulation:219 - Step: 900 | energy: -1.28e+03 | pressure:  7.11e+00
2024-11-12 15:24:11.770 | INFO     | __main__:run_simulation:219 - Step: 950 | energy: -1.27e+03 | pressure:  6.94e+00
2024-11-12 15:24:14.365 | INFO     | __main__:run_simulation:219 - Step: 1000 | energy: -1.25e+03 | pressure:  6.72e+00
2024-11-12 15:24:17.008 | INFO     | __main__:run_simulation:219 - Step: 1050 | energy: -1.24e+03 | pressure:  6.61e+00
2024-11-12 15:24:19.682 | INFO     | __main__:run_simulation:219 - Step: 1100 | energy: -1.22e+03 | pressure:  6.37e+00
2024-11-12 15:24:22.427 | INFO     | __main__:run_simulation:219 - Step: 1150 | energy: -1.20e+03 | pressure:  6.26e+00
2024-11-12 15:24:25.415 | INFO     | __main__:run_simulation:219 - Step: 1200 | energy: -1.18e+03 | pressure:  6.08e+00
2024-11-12 15:24:28.544 | INFO     | __main__:run_simulation:219 - Step: 1250 | energy: -1.16e+03 | pressure:  5.90e+00
2024-11-12 15:24:31.526 | INFO     | __main__:run_simulation:219 - Step: 1300 | energy: -1.16e+03 | pressure:  5.85e+00
2024-11-12 15:24:34.218 | INFO     | __main__:run_simulation:219 - Step: 1350 | energy: -1.16e+03 | pressure:  5.86e+00
2024-11-12 15:24:36.905 | INFO     | __main__:run_simulation:219 - Step: 1400 | energy: -1.15e+03 | pressure:  5.63e+00
2024-11-12 15:24:39.544 | INFO     | __main__:run_simulation:219 - Step: 1450 | energy: -1.14e+03 | pressure:  5.46e+00
2024-11-12 15:24:42.331 | INFO     | __main__:run_simulation:219 - Step: 1500 | energy: -1.13e+03 | pressure:  5.49e+00
2024-11-12 15:24:45.133 | INFO     | __main__:run_simulation:219 - Step: 1550 | energy: -1.11e+03 | pressure:  5.36e+00
2024-11-12 15:24:47.669 | INFO     | __main__:run_simulation:219 - Step: 1600 | energy: -1.10e+03 | pressure:  5.29e+00
2024-11-12 15:24:50.364 | INFO     | __main__:run_simulation:219 - Step: 1650 | energy: -1.10e+03 | pressure:  5.02e+00
2024-11-12 15:24:53.057 | INFO     | __main__:run_simulation:219 - Step: 1700 | energy: -1.08e+03 | pressure:  4.85e+00
2024-11-12 15:24:55.925 | INFO     | __main__:run_simulation:219 - Step: 1750 | energy: -1.07e+03 | pressure:  4.72e+00
2024-11-12 15:24:58.502 | INFO     | __main__:run_simulation:219 - Step: 1800 | energy: -1.05e+03 | pressure:  4.63e+00
2024-11-12 15:25:01.259 | INFO     | __main__:run_simulation:219 - Step: 1850 | energy: -1.03e+03 | pressure:  4.42e+00
2024-11-12 15:25:04.100 | INFO     | __main__:run_simulation:219 - Step: 1900 | energy: -1.02e+03 | pressure:  4.36e+00
2024-11-12 15:25:06.705 | INFO     | __main__:run_simulation:219 - Step: 1950 | energy: -1.01e+03 | pressure:  4.24e+00
2024-11-12 15:25:09.339 | INFO     | __main__:run_simulation:219 - Step: 2000 | energy: -9.89e+02 | pressure:  4.14e+00
2024-11-12 15:25:11.956 | INFO     | __main__:run_simulation:219 - Step: 2050 | energy: -9.78e+02 | pressure:  4.06e+00
2024-11-12 15:25:14.592 | INFO     | __main__:run_simulation:219 - Step: 2100 | energy: -9.68e+02 | pressure:  4.06e+00
2024-11-12 15:25:17.215 | INFO     | __main__:run_simulation:219 - Step: 2150 | energy: -9.50e+02 | pressure:  3.91e+00
2024-11-12 15:25:19.607 | INFO     | __main__:run_simulation:219 - Step: 2200 | energy: -9.37e+02 | pressure:  3.86e+00
2024-11-12 15:25:22.172 | INFO     | __main__:run_simulation:219 - Step: 2250 | energy: -9.21e+02 | pressure:  3.77e+00
2024-11-12 15:25:24.955 | INFO     | __main__:run_simulation:219 - Step: 2300 | energy: -9.13e+02 | pressure:  3.68e+00
2024-11-12 15:25:27.607 | INFO     | __main__:run_simulation:219 - Step: 2350 | energy: -9.05e+02 | pressure:  3.59e+00
2024-11-12 15:25:30.281 | INFO     | __main__:run_simulation:219 - Step: 2400 | energy: -8.94e+02 | pressure:  3.51e+00
2024-11-12 15:25:32.896 | INFO     | __main__:run_simulation:219 - Step: 2450 | energy: -8.80e+02 | pressure:  3.39e+00
2024-11-12 15:25:35.490 | INFO     | __main__:run_simulation:219 - Step: 2500 | energy: -8.73e+02 | pressure:  3.41e+00
2024-11-12 15:25:38.088 | INFO     | __main__:run_simulation:219 - Step: 2550 | energy: -8.59e+02 | pressure:  3.35e+00
2024-11-12 15:25:40.831 | INFO     | __main__:run_simulation:219 - Step: 2600 | energy: -8.60e+02 | pressure:  3.26e+00
2024-11-12 15:25:43.441 | INFO     | __main__:run_simulation:219 - Step: 2650 | energy: -8.52e+02 | pressure:  3.23e+00
2024-11-12 15:25:46.018 | INFO     | __main__:run_simulation:219 - Step: 2700 | energy: -8.53e+02 | pressure:  3.20e+00
2024-11-12 15:25:48.611 | INFO     | __main__:run_simulation:219 - Step: 2750 | energy: -8.37e+02 | pressure:  3.23e+00
2024-11-12 15:25:51.315 | INFO     | __main__:run_simulation:219 - Step: 2800 | energy: -8.37e+02 | pressure:  3.10e+00
2024-11-12 15:25:53.936 | INFO     | __main__:run_simulation:219 - Step: 2850 | energy: -8.35e+02 | pressure:  2.98e+00
2024-11-12 15:25:56.678 | INFO     | __main__:run_simulation:219 - Step: 2900 | energy: -8.38e+02 | pressure:  2.87e+00
2024-11-12 15:25:59.400 | INFO     | __main__:run_simulation:219 - Step: 2950 | energy: -8.37e+02 | pressure:  2.72e+00
2024-11-12 15:26:02.115 | INFO     | __main__:run_simulation:219 - Step: 3000 | energy: -8.23e+02 | pressure:  2.70e+00
2024-11-12 15:26:04.724 | INFO     | __main__:run_simulation:219 - Step: 3050 | energy: -8.16e+02 | pressure:  2.62e+00
2024-11-12 15:26:07.067 | INFO     | __main__:run_simulation:219 - Step: 3100 | energy: -8.24e+02 | pressure:  2.45e+00
2024-11-12 15:26:09.697 | INFO     | __main__:run_simulation:219 - Step: 3150 | energy: -8.19e+02 | pressure:  2.30e+00
2024-11-12 15:26:12.271 | INFO     | __main__:run_simulation:219 - Step: 3200 | energy: -8.20e+02 | pressure:  2.27e+00
2024-11-12 15:26:14.866 | INFO     | __main__:run_simulation:219 - Step: 3250 | energy: -8.12e+02 | pressure:  2.20e+00
2024-11-12 15:26:17.504 | INFO     | __main__:run_simulation:219 - Step: 3300 | energy: -8.15e+02 | pressure:  2.08e+00
2024-11-12 15:26:20.149 | INFO     | __main__:run_simulation:219 - Step: 3350 | energy: -8.06e+02 | pressure:  2.12e+00
2024-11-12 15:26:22.799 | INFO     | __main__:run_simulation:219 - Step: 3400 | energy: -7.98e+02 | pressure:  2.15e+00
2024-11-12 15:26:25.321 | INFO     | __main__:run_simulation:219 - Step: 3450 | energy: -7.89e+02 | pressure:  2.09e+00
2024-11-12 15:26:28.014 | INFO     | __main__:run_simulation:219 - Step: 3500 | energy: -7.75e+02 | pressure:  2.11e+00
2024-11-12 15:26:30.625 | INFO     | __main__:run_simulation:219 - Step: 3550 | energy: -7.79e+02 | pressure:  2.09e+00
2024-11-12 15:26:33.422 | INFO     | __main__:run_simulation:219 - Step: 3600 | energy: -7.81e+02 | pressure:  2.03e+00
2024-11-12 15:26:36.224 | INFO     | __main__:run_simulation:219 - Step: 3650 | energy: -7.83e+02 | pressure:  1.86e+00
2024-11-12 15:26:39.064 | INFO     | __main__:run_simulation:219 - Step: 3700 | energy: -7.85e+02 | pressure:  1.90e+00
2024-11-12 15:26:42.076 | INFO     | __main__:run_simulation:219 - Step: 3750 | energy: -7.81e+02 | pressure:  1.79e+00
2024-11-12 15:26:44.857 | INFO     | __main__:run_simulation:219 - Step: 3800 | energy: -7.79e+02 | pressure:  1.72e+00
2024-11-12 15:26:47.609 | INFO     | __main__:run_simulation:219 - Step: 3850 | energy: -7.86e+02 | pressure:  1.62e+00
2024-11-12 15:26:50.401 | INFO     | __main__:run_simulation:219 - Step: 3900 | energy: -7.85e+02 | pressure:  1.60e+00
2024-11-12 15:26:53.304 | INFO     | __main__:run_simulation:219 - Step: 3950 | energy: -7.92e+02 | pressure:  1.55e+00
2024-11-12 15:26:56.024 | INFO     | __main__:run_simulation:219 - Step: 4000 | energy: -7.89e+02 | pressure:  1.53e+00
2024-11-12 15:26:58.786 | INFO     | __main__:run_simulation:219 - Step: 4050 | energy: -7.85e+02 | pressure:  1.48e+00
2024-11-12 15:27:01.423 | INFO     | __main__:run_simulation:219 - Step: 4100 | energy: -7.78e+02 | pressure:  1.49e+00
2024-11-12 15:27:03.951 | INFO     | __main__:run_simulation:219 - Step: 4150 | energy: -7.80e+02 | pressure:  1.47e+00
2024-11-12 15:27:06.608 | INFO     | __main__:run_simulation:219 - Step: 4200 | energy: -7.83e+02 | pressure:  1.42e+00
2024-11-12 15:27:09.353 | INFO     | __main__:run_simulation:219 - Step: 4250 | energy: -7.81e+02 | pressure:  1.39e+00
2024-11-12 15:27:12.204 | INFO     | __main__:run_simulation:219 - Step: 4300 | energy: -7.70e+02 | pressure:  1.34e+00
2024-11-12 15:27:14.870 | INFO     | __main__:run_simulation:219 - Step: 4350 | energy: -7.73e+02 | pressure:  1.37e+00
2024-11-12 15:27:17.768 | INFO     | __main__:run_simulation:219 - Step: 4400 | energy: -7.71e+02 | pressure:  1.40e+00
2024-11-12 15:27:20.503 | INFO     | __main__:run_simulation:219 - Step: 4450 | energy: -7.69e+02 | pressure:  1.27e+00
2024-11-12 15:27:23.295 | INFO     | __main__:run_simulation:219 - Step: 4500 | energy: -7.63e+02 | pressure:  1.29e+00
2024-11-12 15:27:26.202 | INFO     | __main__:run_simulation:219 - Step: 4550 | energy: -7.52e+02 | pressure:  1.27e+00
2024-11-12 15:27:28.662 | INFO     | __main__:run_simulation:219 - Step: 4600 | energy: -7.49e+02 | pressure:  1.25e+00
2024-11-12 15:27:31.309 | INFO     | __main__:run_simulation:219 - Step: 4650 | energy: -7.39e+02 | pressure:  1.28e+00
2024-11-12 15:27:34.076 | INFO     | __main__:run_simulation:219 - Step: 4700 | energy: -7.31e+02 | pressure:  1.28e+00
2024-11-12 15:27:36.733 | INFO     | __main__:run_simulation:219 - Step: 4750 | energy: -7.28e+02 | pressure:  1.23e+00
2024-11-12 15:27:39.346 | INFO     | __main__:run_simulation:219 - Step: 4800 | energy: -7.25e+02 | pressure:  1.28e+00
2024-11-12 15:27:41.973 | INFO     | __main__:run_simulation:219 - Step: 4850 | energy: -7.16e+02 | pressure:  1.35e+00
2024-11-12 15:27:44.561 | INFO     | __main__:run_simulation:219 - Step: 4900 | energy: -7.26e+02 | pressure:  1.20e+00
2024-11-12 15:27:47.132 | INFO     | __main__:run_simulation:219 - Step: 4950 | energy: -7.34e+02 | pressure:  1.13e+00
2024-11-12 15:27:49.751 | INFO     | __main__:run_simulation:219 - Step: 5000 | energy: -7.33e+02 | pressure:  1.12e+00
2024-11-12 15:27:52.352 | INFO     | __main__:run_simulation:219 - Step: 5050 | energy: -7.38e+02 | pressure:  1.16e+00
2024-11-12 15:27:54.922 | INFO     | __main__:run_simulation:219 - Step: 5100 | energy: -7.34e+02 | pressure:  1.18e+00
2024-11-12 15:27:57.501 | INFO     | __main__:run_simulation:219 - Step: 5150 | energy: -7.29e+02 | pressure:  1.19e+00
